01-31 16:25:56 com_github_MitjaNemec_PlaceFootprints.action_place_footprints 647:Plugin executed on: 'darwin'
01-31 16:25:56 com_github_MitjaNemec_PlaceFootprints.action_place_footprints 648:Plugin executed with python version: '3.9.13 (v3.9.13:6de2ca5339, May 17 2022, 11:37:23) \n[Clang 13.0.0 (clang-1300.0.29.30)]'
01-31 16:25:56 com_github_MitjaNemec_PlaceFootprints.action_place_footprints 649:KiCad build version: 8.0.6
01-31 16:25:56 com_github_MitjaNemec_PlaceFootprints.action_place_footprints 650:Plugin version: 3.0.0
01-31 16:25:56 com_github_MitjaNemec_PlaceFootprints.action_place_footprints 651:Frame repr: <wx._core.Frame object at 0x145d31550>
01-31 16:25:56 com_github_MitjaNemec_PlaceFootprints.place_footprints 121:getting a list of all footprints on board
01-31 16:25:56 com_github_MitjaNemec_PlaceFootprints.place_footprints 156:Footprint SW19 on root level
01-31 16:25:56 com_github_MitjaNemec_PlaceFootprints.place_footprints 156:Footprint SW18 on root level
01-31 16:25:56 com_github_MitjaNemec_PlaceFootprints.place_footprints 156:Footprint SW17 on root level
01-31 16:25:56 com_github_MitjaNemec_PlaceFootprints.place_footprints 156:Footprint SW13 on root level
01-31 16:25:56 com_github_MitjaNemec_PlaceFootprints.place_footprints 156:Footprint SW12 on root level
01-31 16:25:56 com_github_MitjaNemec_PlaceFootprints.place_footprints 156:Footprint SW8 on root level
01-31 16:25:56 com_github_MitjaNemec_PlaceFootprints.place_footprints 156:Footprint SW7 on root level
01-31 16:25:56 com_github_MitjaNemec_PlaceFootprints.place_footprints 156:Footprint SW6 on root level
01-31 16:25:56 com_github_MitjaNemec_PlaceFootprints.place_footprints 156:Footprint SW3 on root level
01-31 16:25:56 com_github_MitjaNemec_PlaceFootprints.place_footprints 156:Footprint SW2 on root level
01-31 16:25:56 com_github_MitjaNemec_PlaceFootprints.place_footprints 156:Footprint SW1 on root level
01-31 16:25:56 com_github_MitjaNemec_PlaceFootprints.place_footprints 156:Footprint SW16 on root level
01-31 16:25:56 com_github_MitjaNemec_PlaceFootprints.place_footprints 156:Footprint SW15 on root level
01-31 16:25:56 com_github_MitjaNemec_PlaceFootprints.place_footprints 156:Footprint SW14 on root level
01-31 16:25:56 com_github_MitjaNemec_PlaceFootprints.place_footprints 156:Footprint SW11 on root level
01-31 16:25:56 com_github_MitjaNemec_PlaceFootprints.place_footprints 156:Footprint SW10 on root level
01-31 16:25:56 com_github_MitjaNemec_PlaceFootprints.place_footprints 156:Footprint SW9 on root level
01-31 16:25:56 com_github_MitjaNemec_PlaceFootprints.place_footprints 156:Footprint SW5 on root level
01-31 16:25:56 com_github_MitjaNemec_PlaceFootprints.place_footprints 156:Footprint SW4 on root level
01-31 16:25:56 com_github_MitjaNemec_PlaceFootprints.place_footprints 156:Footprint RST2 on root level
01-31 16:25:56 com_github_MitjaNemec_PlaceFootprints.place_footprints 156:Footprint R18 on root level
01-31 16:25:56 com_github_MitjaNemec_PlaceFootprints.place_footprints 156:Footprint J4 on root level
01-31 16:25:56 com_github_MitjaNemec_PlaceFootprints.place_footprints 156:Footprint J3 on root level
01-31 16:25:56 com_github_MitjaNemec_PlaceFootprints.place_footprints 156:Footprint J2 on root level
01-31 16:25:56 com_github_MitjaNemec_PlaceFootprints.place_footprints 156:Footprint FID3 on root level
01-31 16:25:56 com_github_MitjaNemec_PlaceFootprints.place_footprints 156:Footprint FID2 on root level
01-31 16:25:56 com_github_MitjaNemec_PlaceFootprints.place_footprints 156:Footprint FID1 on root level
01-31 16:25:56 com_github_MitjaNemec_PlaceFootprints.place_footprints 156:Footprint D24 on root level
01-31 16:25:56 com_github_MitjaNemec_PlaceFootprints.place_footprints 156:Footprint D23 on root level
01-31 16:25:56 com_github_MitjaNemec_PlaceFootprints.place_footprints 156:Footprint D22 on root level
01-31 16:25:56 com_github_MitjaNemec_PlaceFootprints.place_footprints 156:Footprint D21 on root level
01-31 16:25:56 com_github_MitjaNemec_PlaceFootprints.place_footprints 156:Footprint D20 on root level
01-31 16:25:56 com_github_MitjaNemec_PlaceFootprints.place_footprints 156:Footprint D19 on root level
01-31 16:25:56 com_github_MitjaNemec_PlaceFootprints.place_footprints 156:Footprint D18 on root level
01-31 16:25:56 com_github_MitjaNemec_PlaceFootprints.place_footprints 156:Footprint D17 on root level
01-31 16:25:56 com_github_MitjaNemec_PlaceFootprints.place_footprints 156:Footprint D16 on root level
01-31 16:25:56 com_github_MitjaNemec_PlaceFootprints.place_footprints 156:Footprint D15 on root level
01-31 16:25:56 com_github_MitjaNemec_PlaceFootprints.place_footprints 156:Footprint D14 on root level
01-31 16:25:56 com_github_MitjaNemec_PlaceFootprints.place_footprints 156:Footprint D13 on root level
01-31 16:25:56 com_github_MitjaNemec_PlaceFootprints.place_footprints 156:Footprint D12 on root level
01-31 16:25:56 com_github_MitjaNemec_PlaceFootprints.place_footprints 156:Footprint D11 on root level
01-31 16:25:56 com_github_MitjaNemec_PlaceFootprints.place_footprints 156:Footprint D10 on root level
01-31 16:25:56 com_github_MitjaNemec_PlaceFootprints.place_footprints 156:Footprint D9 on root level
01-31 16:25:56 com_github_MitjaNemec_PlaceFootprints.place_footprints 156:Footprint D8 on root level
01-31 16:25:56 com_github_MitjaNemec_PlaceFootprints.place_footprints 156:Footprint D7 on root level
01-31 16:25:56 com_github_MitjaNemec_PlaceFootprints.place_footprints 156:Footprint D6 on root level
01-31 16:25:56 com_github_MitjaNemec_PlaceFootprints.place_footprints 156:Footprint C14 on root level
01-31 16:25:56 com_github_MitjaNemec_PlaceFootprints.place_footprints 156:Footprint BOOT1 on root level
01-31 16:25:56 com_github_MitjaNemec_PlaceFootprints.place_footprints 156:Footprint U4 on root level
01-31 16:25:56 com_github_MitjaNemec_PlaceFootprints.place_footprints 156:Footprint R23 on root level
01-31 16:25:56 com_github_MitjaNemec_PlaceFootprints.place_footprints 156:Footprint R22 on root level
01-31 16:25:56 com_github_MitjaNemec_PlaceFootprints.place_footprints 156:Footprint R21 on root level
01-31 16:25:56 com_github_MitjaNemec_PlaceFootprints.place_footprints 156:Footprint R20 on root level
01-31 16:25:56 com_github_MitjaNemec_PlaceFootprints.place_footprints 156:Footprint R19 on root level
01-31 16:25:56 com_github_MitjaNemec_PlaceFootprints.place_footprints 156:Footprint D3 on root level
01-31 16:25:56 com_github_MitjaNemec_PlaceFootprints.place_footprints 156:Footprint C13 on root level
01-31 16:25:56 com_github_MitjaNemec_PlaceFootprints.place_footprints 156:Footprint C12 on root level
01-31 16:25:56 com_github_MitjaNemec_PlaceFootprints.place_footprints 156:Footprint C11 on root level
01-31 16:25:56 com_github_MitjaNemec_PlaceFootprints.place_footprints 156:Footprint R12 on root level
01-31 16:25:56 com_github_MitjaNemec_PlaceFootprints.place_footprints 156:Footprint R13 on root level
01-31 16:25:56 com_github_MitjaNemec_PlaceFootprints.place_footprints 156:Footprint C8 on root level
01-31 16:25:56 com_github_MitjaNemec_PlaceFootprints.place_footprints 156:Footprint J1 on root level
01-31 16:25:56 com_github_MitjaNemec_PlaceFootprints.place_footprints 156:Footprint C9 on root level
01-31 16:25:56 com_github_MitjaNemec_PlaceFootprints.place_footprints 156:Footprint R15 on root level
01-31 16:25:56 com_github_MitjaNemec_PlaceFootprints.place_footprints 156:Footprint R10 on root level
01-31 16:25:56 com_github_MitjaNemec_PlaceFootprints.place_footprints 156:Footprint C4 on root level
01-31 16:25:56 com_github_MitjaNemec_PlaceFootprints.place_footprints 156:Footprint Q1 on root level
01-31 16:25:56 com_github_MitjaNemec_PlaceFootprints.place_footprints 156:Footprint U6 on root level
01-31 16:25:56 com_github_MitjaNemec_PlaceFootprints.place_footprints 156:Footprint R8 on root level
01-31 16:25:56 com_github_MitjaNemec_PlaceFootprints.place_footprints 156:Footprint R5 on root level
01-31 16:25:56 com_github_MitjaNemec_PlaceFootprints.place_footprints 156:Footprint C6 on root level
01-31 16:25:56 com_github_MitjaNemec_PlaceFootprints.place_footprints 156:Footprint D1 on root level
01-31 16:25:56 com_github_MitjaNemec_PlaceFootprints.place_footprints 156:Footprint R14 on root level
01-31 16:25:56 com_github_MitjaNemec_PlaceFootprints.place_footprints 156:Footprint D2 on root level
01-31 16:25:56 com_github_MitjaNemec_PlaceFootprints.place_footprints 156:Footprint R16 on root level
01-31 16:25:56 com_github_MitjaNemec_PlaceFootprints.place_footprints 156:Footprint L1 on root level
01-31 16:25:56 com_github_MitjaNemec_PlaceFootprints.place_footprints 156:Footprint R17 on root level
01-31 16:25:56 com_github_MitjaNemec_PlaceFootprints.place_footprints 156:Footprint C10 on root level
01-31 16:25:56 com_github_MitjaNemec_PlaceFootprints.place_footprints 156:Footprint R9 on root level
01-31 16:25:56 com_github_MitjaNemec_PlaceFootprints.place_footprints 156:Footprint C5 on root level
01-31 16:25:56 com_github_MitjaNemec_PlaceFootprints.place_footprints 156:Footprint U7 on root level
01-31 16:25:56 com_github_MitjaNemec_PlaceFootprints.place_footprints 156:Footprint U3 on root level
01-31 16:25:56 com_github_MitjaNemec_PlaceFootprints.place_footprints 156:Footprint C7 on root level
01-31 16:25:56 com_github_MitjaNemec_PlaceFootprints.place_footprints 156:Footprint R4 on root level
01-31 16:25:56 com_github_MitjaNemec_PlaceFootprints.place_footprints 156:Footprint R11 on root level
01-31 16:25:57 com_github_MitjaNemec_PlaceFootprints.action_place_footprints 830:Reference designator is: D
01-31 16:25:57 com_github_MitjaNemec_PlaceFootprints.action_place_footprints 831:Reference number is: 24
01-31 16:25:57 com_github_MitjaNemec_PlaceFootprints.action_place_footprints 863:Sorted and filtered list:
['D6', 'D7', 'D8', 'D9', 'D10', 'D11', 'D12', 'D13', 'D14', 'D15', 'D16', 'D17', 'D18', 'D19', 'D20', 'D21', 'D22', 'D23', 'D24']
01-31 16:25:57 com_github_MitjaNemec_PlaceFootprints.action_place_footprints 359:wx.Colour(38, 38, 38, 255)
01-31 16:26:26 com_github_MitjaNemec_PlaceFootprints.action_place_footprints 490:'18.6'
01-31 16:26:26 com_github_MitjaNemec_PlaceFootprints.action_place_footprints 549:Preparing config for reference matrix
01-31 16:26:26 com_github_MitjaNemec_PlaceFootprints.action_place_footprints 556:Saving config file
01-31 16:26:26 com_github_MitjaNemec_PlaceFootprints.action_place_footprints 558:Saved the config file
01-31 16:26:26 com_github_MitjaNemec_PlaceFootprints.action_place_footprints 901:Footprints to place:
['D6', 'D7', 'D8', 'D22', 'D23', 'D24']
01-31 16:26:26 com_github_MitjaNemec_PlaceFootprints.place_footprints 398:Starting placing with matrix layout
01-31 16:26:26 com_github_MitjaNemec_PlaceFootprints.action_place_footprints 971:Placing complete
